<?xml version="1.0" encoding="UTF-8"?>
<testsuite name="Cucumber" time="70.655" tests="6" skipped="0" failures="6" errors="0">
<testcase classname="Opcija servis" name="Dobijanje novododate opcije" time="10.175">
<failure type="org.awaitility.core.ConditionTimeoutException" message="Condition with rs.edu.raf.integration.opcijaservis.OpcijaServiceTestsSteps was not fulfilled within 10 seconds.">
<![CDATA[org.awaitility.core.ConditionTimeoutException: Condition with rs.edu.raf.integration.opcijaservis.OpcijaServiceTestsSteps was not fulfilled within 10 seconds.
	at org.awaitility.core.ConditionAwaiter.await(ConditionAwaiter.java:167)
	at org.awaitility.core.CallableCondition.await(CallableCondition.java:78)
	at org.awaitility.core.CallableCondition.await(CallableCondition.java:26)
	at org.awaitility.core.ConditionFactory.until(ConditionFactory.java:985)
	at org.awaitility.core.ConditionFactory.until(ConditionFactory.java:954)
	at rs.edu.raf.integration.opcijaservis.OpcijaServiceTestsSteps.apiPozivZaOpcijeJePrethodnoIzvrsenn(OpcijaServiceTestsSteps.java:46)
	at ✽.api poziv za opcije je prethodno izvrsenn(classpath:features/integration/opcijaservis/opcija-servis-tests.feature:4)
]]>
</failure>
<system-out><![CDATA[
Given api poziv za opcije je prethodno izvrsenn.............................failed
And dodamo opciju sa contractSymbol "123"...................................skipped
When zahtevamo sve opcije...................................................skipped
Then vraca se opcija koja ima contractSymbol "123"..........................skipped
]]></system-out>
</testcase>
<testcase classname="Opcija servis" name="Pretraga odredjene opcije po tickeru" time="10.016">
<failure type="org.awaitility.core.ConditionTimeoutException" message="Condition with rs.edu.raf.integration.opcijaservis.OpcijaServiceTestsSteps was not fulfilled within 10 seconds.">
<![CDATA[org.awaitility.core.ConditionTimeoutException: Condition with rs.edu.raf.integration.opcijaservis.OpcijaServiceTestsSteps was not fulfilled within 10 seconds.
	at org.awaitility.core.ConditionAwaiter.await(ConditionAwaiter.java:167)
	at org.awaitility.core.CallableCondition.await(CallableCondition.java:78)
	at org.awaitility.core.CallableCondition.await(CallableCondition.java:26)
	at org.awaitility.core.ConditionFactory.until(ConditionFactory.java:985)
	at org.awaitility.core.ConditionFactory.until(ConditionFactory.java:954)
	at rs.edu.raf.integration.opcijaservis.OpcijaServiceTestsSteps.apiPozivZaOpcijeJePrethodnoIzvrsenn(OpcijaServiceTestsSteps.java:46)
	at ✽.api poziv za opcije je prethodno izvrsenn(classpath:features/integration/opcijaservis/opcija-servis-tests.feature:10)
]]>
</failure>
<system-out><![CDATA[
Given api poziv za opcije je prethodno izvrsenn.............................failed
When zahtevamo opciju sa tickerom "AAPL"....................................skipped
Then vraca se opcija sa tickerom "AAPL".....................................skipped
]]></system-out>
</testcase>
<testcase classname="Opcija servis" name="Pretraga odredjene opcije po datumu isteka" time="10.104">
<failure type="org.awaitility.core.ConditionTimeoutException" message="Condition with rs.edu.raf.integration.opcijaservis.OpcijaServiceTestsSteps was not fulfilled within 10 seconds.">
<![CDATA[org.awaitility.core.ConditionTimeoutException: Condition with rs.edu.raf.integration.opcijaservis.OpcijaServiceTestsSteps was not fulfilled within 10 seconds.
	at org.awaitility.core.ConditionAwaiter.await(ConditionAwaiter.java:167)
	at org.awaitility.core.CallableCondition.await(CallableCondition.java:78)
	at org.awaitility.core.CallableCondition.await(CallableCondition.java:26)
	at org.awaitility.core.ConditionFactory.until(ConditionFactory.java:985)
	at org.awaitility.core.ConditionFactory.until(ConditionFactory.java:954)
	at rs.edu.raf.integration.opcijaservis.OpcijaServiceTestsSteps.apiPozivZaOpcijeJePrethodnoIzvrsenn(OpcijaServiceTestsSteps.java:46)
	at ✽.api poziv za opcije je prethodno izvrsenn(classpath:features/integration/opcijaservis/opcija-servis-tests.feature:15)
]]>
</failure>
<system-out><![CDATA[
Given api poziv za opcije je prethodno izvrsenn.............................failed
When zahtevamo opciju sa datumom isteka "1713484800"........................skipped
Then vraca se opcija sa datumom isteka "1713484800".........................skipped
]]></system-out>
</testcase>
<testcase classname="Opcija servis" name="Pretraga odredjene opcije po strike price" time="10.053">
<failure type="org.awaitility.core.ConditionTimeoutException" message="Condition with rs.edu.raf.integration.opcijaservis.OpcijaServiceTestsSteps was not fulfilled within 10 seconds.">
<![CDATA[org.awaitility.core.ConditionTimeoutException: Condition with rs.edu.raf.integration.opcijaservis.OpcijaServiceTestsSteps was not fulfilled within 10 seconds.
	at org.awaitility.core.ConditionAwaiter.await(ConditionAwaiter.java:167)
	at org.awaitility.core.CallableCondition.await(CallableCondition.java:78)
	at org.awaitility.core.CallableCondition.await(CallableCondition.java:26)
	at org.awaitility.core.ConditionFactory.until(ConditionFactory.java:985)
	at org.awaitility.core.ConditionFactory.until(ConditionFactory.java:954)
	at rs.edu.raf.integration.opcijaservis.OpcijaServiceTestsSteps.apiPozivZaOpcijeJePrethodnoIzvrsenn(OpcijaServiceTestsSteps.java:46)
	at ✽.api poziv za opcije je prethodno izvrsenn(classpath:features/integration/opcijaservis/opcija-servis-tests.feature:20)
]]>
</failure>
<system-out><![CDATA[
Given api poziv za opcije je prethodno izvrsenn.............................failed
When zahtevamo opciju sa strike price "115.0"...............................skipped
Then vraca se opcija sa strike price "115.0"................................skipped
]]></system-out>
</testcase>
<testcase classname="Opcija servis" name="Proveravamo stanje opcije sa id &quot;2&quot;" time="10.033">
<failure type="org.awaitility.core.ConditionTimeoutException" message="Condition with rs.edu.raf.integration.opcijaservis.OpcijaServiceTestsSteps was not fulfilled within 10 seconds.">
<![CDATA[org.awaitility.core.ConditionTimeoutException: Condition with rs.edu.raf.integration.opcijaservis.OpcijaServiceTestsSteps was not fulfilled within 10 seconds.
	at org.awaitility.core.ConditionAwaiter.await(ConditionAwaiter.java:167)
	at org.awaitility.core.CallableCondition.await(CallableCondition.java:78)
	at org.awaitility.core.CallableCondition.await(CallableCondition.java:26)
	at org.awaitility.core.ConditionFactory.until(ConditionFactory.java:985)
	at org.awaitility.core.ConditionFactory.until(ConditionFactory.java:954)
	at rs.edu.raf.integration.opcijaservis.OpcijaServiceTestsSteps.apiPozivZaOpcijeJePrethodnoIzvrsenn(OpcijaServiceTestsSteps.java:46)
	at ✽.api poziv za opcije je prethodno izvrsenn(classpath:features/integration/opcijaservis/opcija-servis-tests.feature:26)
]]>
</failure>
<system-out><![CDATA[
Given api poziv za opcije je prethodno izvrsenn.............................failed
When proveravamo stanje opcije sa id "2"....................................skipped
Then dobijamo stanje opcije.................................................skipped
]]></system-out>
</testcase>
<testcase classname="Opcija servis" name="Izvrsavamo opciju sa id &quot;3&quot; i userId &quot;1&quot;" time="10.009">
<failure type="org.awaitility.core.ConditionTimeoutException" message="Condition with rs.edu.raf.integration.opcijaservis.OpcijaServiceTestsSteps was not fulfilled within 10 seconds.">
<![CDATA[org.awaitility.core.ConditionTimeoutException: Condition with rs.edu.raf.integration.opcijaservis.OpcijaServiceTestsSteps was not fulfilled within 10 seconds.
	at org.awaitility.core.ConditionAwaiter.await(ConditionAwaiter.java:167)
	at org.awaitility.core.CallableCondition.await(CallableCondition.java:78)
	at org.awaitility.core.CallableCondition.await(CallableCondition.java:26)
	at org.awaitility.core.ConditionFactory.until(ConditionFactory.java:985)
	at org.awaitility.core.ConditionFactory.until(ConditionFactory.java:954)
	at rs.edu.raf.integration.opcijaservis.OpcijaServiceTestsSteps.apiPozivZaOpcijeJePrethodnoIzvrsenn(OpcijaServiceTestsSteps.java:46)
	at ✽.api poziv za opcije je prethodno izvrsenn(classpath:features/integration/opcijaservis/opcija-servis-tests.feature:31)
]]>
</failure>
<system-out><![CDATA[
Given api poziv za opcije je prethodno izvrsenn.............................failed
When izvrsavamo opciju sa id "3" i userId "1"...............................skipped
Then opcija je izvrsenaa....................................................skipped
]]></system-out>
</testcase>
</testsuite>
